{"name": "test_image[img0]", "status": "failed", "statusDetails": {"message": "AssertionError: assert (309, 435) == (192, 270)\n  At index 0 diff: 309 != 192\n  Full diff:\n  - (192, 270)\n  + (309, 435)", "trace": "arg = (309, 435)\n\n    @allure.feature(\"Первый сценарий\")\n    @allure.story(\"Поиск изображений, проверка высоты и ширины найденных изображений\")\n    @pytest.mark.parametrize('arg',page_about())\n    def test_image(arg):\n    \n>       assert arg == (192,270)\nE       assert (309, 435) == (192, 270)\nE         At index 0 diff: 309 != 192\nE         Full diff:\nE         - (192, 270)\nE         + (309, 435)\n\ntest_scripts\\test_teg.py:38: AssertionError"}, "parameters": [{"name": "arg", "value": "(309, 435)"}], "start": 1703417107167, "stop": 1703417107168, "uuid": "630f9fd1-7031-4f36-953c-237ee7f5fd82", "historyId": "ba5b1e444939750dd08d59de84921186", "testCaseId": "2c157f4cb30e0464eb56e7fe3e7a6426", "fullName": "test_scripts.test_teg#test_image", "labels": [{"name": "feature", "value": "Первый сценарий"}, {"name": "story", "value": "Поиск изображений, проверка высоты и ширины найденных изображений"}, {"name": "parentSuite", "value": "test_scripts"}, {"name": "suite", "value": "test_teg"}, {"name": "host", "value": "Dmitri"}, {"name": "thread", "value": "13664-MainThread"}, {"name": "framework", "value": "pytest"}, {"name": "language", "value": "cpython3"}, {"name": "package", "value": "test_scripts.test_teg"}]}